This is XeTeX, Version 3.14159265-2.6-0.999991 (TeX Live 2019/Arch Linux) (preloaded format=xelatex 2019.9.27)  16 OCT 2019 23:50
entering extended mode
 restricted \write18 enabled.
 %&-line parsing enabled.
**req-draft.tex
(./req-draft.tex
LaTeX2e <2018-12-01>
(/usr/share/texmf-dist/tex/latex/IEEEtran/IEEEtran.cls
Document Class: IEEEtran 2015/08/26 V1.8b by Michael Shell
-- See the "IEEEtran_HOWTO" manual for usage information.
-- http://www.michaelshell.org/tex/ieeetran/
\@IEEEtrantmpdimenA=\dimen102
\@IEEEtrantmpdimenB=\dimen103
\@IEEEtrantmpdimenC=\dimen104
\@IEEEtrantmpcountA=\count80
\@IEEEtrantmpcountB=\count81
\@IEEEtrantmpcountC=\count82
\@IEEEtrantmptoksA=\toks14
LaTeX Font Info:    Try loading font information for TU+ptm on input line 503.
LaTeX Font Info:    No file TUptm.fd. on input line 503.

LaTeX Font Warning: Font shape `TU/ptm/m/n' undefined
(Font)              using `TU/lmr/m/n' instead on input line 503.

-- Using 8.5in x 11in (letter) paper.
-- Using DVI output.
\@IEEEnormalsizeunitybaselineskip=\dimen105
-- This is a 10 point document.
\CLASSINFOnormalsizebaselineskip=\dimen106
\CLASSINFOnormalsizeunitybaselineskip=\dimen107
\IEEEnormaljot=\dimen108

LaTeX Font Warning: Font shape `TU/ptm/bx/n' undefined
(Font)              using `TU/ptm/m/n' instead on input line 1090.


LaTeX Font Warning: Font shape `TU/ptm/m/it' undefined
(Font)              using `TU/ptm/m/n' instead on input line 1090.


LaTeX Font Warning: Font shape `TU/ptm/bx/it' undefined
(Font)              using `TU/ptm/bx/n' instead on input line 1090.

\IEEEquantizedlength=\dimen109
\IEEEquantizedlengthdiff=\dimen110
\IEEEquantizedtextheightdiff=\dimen111
\IEEEilabelindentA=\dimen112
\IEEEilabelindentB=\dimen113
\IEEEilabelindent=\dimen114
\IEEEelabelindent=\dimen115
\IEEEdlabelindent=\dimen116
\IEEElabelindent=\dimen117
\IEEEiednormlabelsep=\dimen118
\IEEEiedmathlabelsep=\dimen119
\IEEEiedtopsep=\skip41
\c@section=\count83
\c@subsection=\count84
\c@subsubsection=\count85
\c@paragraph=\count86
\c@IEEEsubequation=\count87
\abovecaptionskip=\skip42
\belowcaptionskip=\skip43
\c@figure=\count88
\c@table=\count89
\@IEEEeqnnumcols=\count90
\@IEEEeqncolcnt=\count91
\@IEEEsubeqnnumrollback=\count92
\@IEEEquantizeheightA=\dimen120
\@IEEEquantizeheightB=\dimen121
\@IEEEquantizeheightC=\dimen122
\@IEEEquantizeprevdepth=\dimen123
\@IEEEquantizemultiple=\count93
\@IEEEquantizeboxA=\box27
\@IEEEtmpitemindent=\dimen124
\IEEEPARstartletwidth=\dimen125
\c@IEEEbiography=\count94
\@IEEEtranrubishbin=\box28
) (/usr/share/texmf-dist/tex/latex/geometry/geometry.sty
Package: geometry 2018/04/16 v5.8 Page Geometry

(/usr/share/texmf-dist/tex/latex/graphics/keyval.sty
Package: keyval 2014/10/28 v1.15 key=value parser (DPC)
\KV@toks@=\toks15
)
(/usr/share/texmf-dist/tex/generic/oberdiek/ifpdf.sty
Package: ifpdf 2018/09/07 v3.3 Provides the ifpdf switch
)
(/usr/share/texmf-dist/tex/generic/oberdiek/ifvtex.sty
Package: ifvtex 2016/05/16 v1.6 Detect VTeX and its facilities (HO)
Package ifvtex Info: VTeX not detected.
)
(/usr/share/texmf-dist/tex/generic/ifxetex/ifxetex.sty
Package: ifxetex 2010/09/12 v0.6 Provides ifxetex conditional
)
\Gm@cnth=\count95
\Gm@cntv=\count96
\c@Gm@tempcnt=\count97
\Gm@bindingoffset=\dimen126
\Gm@wd@mp=\dimen127
\Gm@odd@mp=\dimen128
\Gm@even@mp=\dimen129
\Gm@layoutwidth=\dimen130
\Gm@layoutheight=\dimen131
\Gm@layouthoffset=\dimen132
\Gm@layoutvoffset=\dimen133
\Gm@dimlist=\toks16
)
(/usr/share/texmf-dist/tex/latex/biblatex/biblatex.sty
Package: biblatex 2018/11/02 v3.12 programmable bibliographies (PK/MW)

(/usr/share/texmf-dist/tex/generic/oberdiek/pdftexcmds.sty
Package: pdftexcmds 2018/09/10 v0.29 Utility functions of pdfTeX for LuaTeX (HO
)

(/usr/share/texmf-dist/tex/generic/oberdiek/infwarerr.sty
Package: infwarerr 2016/05/16 v1.4 Providing info/warning/error messages (HO)
)
(/usr/share/texmf-dist/tex/generic/oberdiek/ifluatex.sty
Package: ifluatex 2016/05/16 v1.4 Provides the ifluatex switch (HO)
Package ifluatex Info: LuaTeX not detected.
)
(/usr/share/texmf-dist/tex/generic/oberdiek/ltxcmds.sty
Package: ltxcmds 2016/05/16 v1.23 LaTeX kernel commands for general use (HO)
)
Package pdftexcmds Info: LuaTeX not detected.
Package pdftexcmds Info: pdfTeX >= 1.30 not detected.
Package pdftexcmds Info: \pdf@primitive is available.
Package pdftexcmds Info: \pdf@ifprimitive is available.
Package pdftexcmds Info: \pdfdraftmode not found.
)
(/usr/share/texmf-dist/tex/latex/etoolbox/etoolbox.sty
Package: etoolbox 2018/08/19 v2.5f e-TeX tools for LaTeX (JAW)
\etb@tempcnta=\count98
)
(/usr/share/texmf-dist/tex/latex/oberdiek/kvoptions.sty
Package: kvoptions 2016/05/16 v3.12 Key value format for package options (HO)

(/usr/share/texmf-dist/tex/generic/oberdiek/kvsetkeys.sty
Package: kvsetkeys 2016/05/16 v1.17 Key value parser (HO)

(/usr/share/texmf-dist/tex/generic/oberdiek/etexcmds.sty
Package: etexcmds 2016/05/16 v1.6 Avoid name clashes with e-TeX commands (HO)
)))
(/usr/share/texmf-dist/tex/latex/logreq/logreq.sty
Package: logreq 2010/08/04 v1.0 xml request logger
\lrq@indent=\count99

(/usr/share/texmf-dist/tex/latex/logreq/logreq.def
File: logreq.def 2010/08/04 v1.0 logreq spec v1.0
))
(/usr/share/texmf-dist/tex/latex/base/ifthen.sty
Package: ifthen 2014/09/29 v1.1c Standard LaTeX ifthen package (DPC)
)
(/usr/share/texmf-dist/tex/latex/url/url.sty
\Urlmuskip=\muskip10
Package: url 2013/09/16  ver 3.4  Verb mode for urls, etc.
)
\c@tabx@nest=\count100
\c@listtotal=\count101
\c@listcount=\count102
\c@liststart=\count103
\c@liststop=\count104
\c@citecount=\count105
\c@citetotal=\count106
\c@multicitecount=\count107
\c@multicitetotal=\count108
\c@instcount=\count109
\c@maxnames=\count110
\c@minnames=\count111
\c@maxitems=\count112
\c@minitems=\count113
\c@citecounter=\count114
\c@maxcitecounter=\count115
\c@savedcitecounter=\count116
\c@uniquelist=\count117
\c@uniquename=\count118
\c@refsection=\count119
\c@refsegment=\count120
\c@maxextratitle=\count121
\c@maxextratitleyear=\count122
\c@maxextraname=\count123
\c@maxextradate=\count124
\c@maxextraalpha=\count125
\c@abbrvpenalty=\count126
\c@highnamepenalty=\count127
\c@lownamepenalty=\count128
\c@maxparens=\count129
\c@parenlevel=\count130
\blx@tempcnta=\count131
\blx@tempcntb=\count132
\blx@tempcntc=\count133
\blx@maxsection=\count134
\blx@maxsegment@0=\count135
\blx@notetype=\count136
\blx@parenlevel@text=\count137
\blx@parenlevel@foot=\count138
\blx@sectionciteorder@0=\count139
\blx@entrysetcounter=\count140
\labelnumberwidth=\skip44
\labelalphawidth=\skip45
\biblabelsep=\skip46
\bibitemsep=\skip47
\bibnamesep=\skip48
\bibinitsep=\skip49
\bibparsep=\skip50
\bibhang=\skip51
\blx@bcfin=\read1
\blx@bcfout=\write3
\c@mincomprange=\count141
\c@maxcomprange=\count142
\c@mincompwidth=\count143
Package biblatex Info: Trying to load biblatex default data model...
Package biblatex Info: ... file 'blx-dm.def' found.

(/usr/share/texmf-dist/tex/latex/biblatex/blx-dm.def
File: blx-dm.def 2018/11/02 v3.12 biblatex localization (PK/MW)
)
Package biblatex Info: Trying to load biblatex citestyle data model...
Package biblatex Info: ... file 'numeric.dbx' not found.
Package biblatex Info: Trying to load biblatex custom data model...
Package biblatex Info: ... file 'biblatex-dm.cfg' not found.
\c@afterword=\count144
\c@savedafterword=\count145
\c@annotator=\count146
\c@savedannotator=\count147
\c@author=\count148
\c@savedauthor=\count149
\c@bookauthor=\count150
\c@savedbookauthor=\count151
\c@commentator=\count152
\c@savedcommentator=\count153
\c@editor=\count154
\c@savededitor=\count155
\c@editora=\count156
\c@savededitora=\count157
\c@editorb=\count158
\c@savededitorb=\count159
\c@editorc=\count160
\c@savededitorc=\count161
\c@foreword=\count162
\c@savedforeword=\count163
\c@holder=\count164
\c@savedholder=\count165
\c@introduction=\count166
\c@savedintroduction=\count167
\c@namea=\count168
\c@savednamea=\count169
\c@nameb=\count170
\c@savednameb=\count171
\c@namec=\count172
\c@savednamec=\count173
\c@translator=\count174
\c@savedtranslator=\count175
\c@shortauthor=\count176
\c@savedshortauthor=\count177
\c@shorteditor=\count178
\c@savedshorteditor=\count179
\c@labelname=\count180
\c@savedlabelname=\count181
\c@institution=\count182
\c@savedinstitution=\count183
\c@lista=\count184
\c@savedlista=\count185
\c@listb=\count186
\c@savedlistb=\count187
\c@listc=\count188
\c@savedlistc=\count189
\c@listd=\count190
\c@savedlistd=\count191
\c@liste=\count192
\c@savedliste=\count193
\c@listf=\count194
\c@savedlistf=\count195
\c@location=\count196
\c@savedlocation=\count197
\c@organization=\count198
\c@savedorganization=\count199
\c@origlocation=\count266
\c@savedoriglocation=\count267
\c@origpublisher=\count268
\c@savedorigpublisher=\count269
\c@publisher=\count270
\c@savedpublisher=\count271
\c@language=\count272
\c@savedlanguage=\count273
\c@origlanguage=\count274
\c@savedoriglanguage=\count275
\c@pageref=\count276
\c@savedpageref=\count277
\shorthandwidth=\skip52
\shortjournalwidth=\skip53
\shortserieswidth=\skip54
\shorttitlewidth=\skip55
\shortauthorwidth=\skip56
\shorteditorwidth=\skip57
\locallabelnumberwidth=\skip58
\locallabelalphawidth=\skip59
\localshorthandwidth=\skip60
\localshortjournalwidth=\skip61
\localshortserieswidth=\skip62
\localshorttitlewidth=\skip63
\localshortauthorwidth=\skip64
\localshorteditorwidth=\skip65
Package biblatex Info: Trying to load enhanced support for Unicode engines...
Package biblatex Info: ... file 'blx-unicode.def' found.

(/usr/share/texmf-dist/tex/latex/biblatex/blx-unicode.def)
Package biblatex Info: Trying to load compatibility code...
Package biblatex Info: ... file 'blx-compat.def' found.

(/usr/share/texmf-dist/tex/latex/biblatex/blx-compat.def
File: blx-compat.def 2018/11/02 v3.12 biblatex compatibility (PK/MW)
)
Package biblatex Info: Trying to load generic definitions...
Package biblatex Info: ... file 'biblatex.def' found.

(/usr/share/texmf-dist/tex/latex/biblatex/biblatex.def
File: biblatex.def 2018/11/02 v3.12 biblatex compatibility (PK/MW)
\c@textcitecount=\count278
\c@textcitetotal=\count279
\c@textcitemaxnames=\count280
\c@biburlnumpenalty=\count281
\c@biburlucpenalty=\count282
\c@biburllcpenalty=\count283
\c@smartand=\count284
)
Package biblatex Info: Trying to load bibliography style 'numeric'...
Package biblatex Info: ... file 'numeric.bbx' found.

(/usr/share/texmf-dist/tex/latex/biblatex/bbx/numeric.bbx
File: numeric.bbx 2018/11/02 v3.12 biblatex bibliography style (PK/MW)
Package biblatex Info: Trying to load bibliography style 'standard'...
Package biblatex Info: ... file 'standard.bbx' found.

(/usr/share/texmf-dist/tex/latex/biblatex/bbx/standard.bbx
File: standard.bbx 2018/11/02 v3.12 biblatex bibliography style (PK/MW)
\c@bbx:relatedcount=\count285
\c@bbx:relatedtotal=\count286
))
Package biblatex Info: Trying to load citation style 'numeric'...
Package biblatex Info: ... file 'numeric.cbx' found.

(/usr/share/texmf-dist/tex/latex/biblatex/cbx/numeric.cbx
File: numeric.cbx 2018/11/02 v3.12 biblatex citation style (PK/MW)
Package biblatex Info: Redefining '\cite'.
Package biblatex Info: Redefining '\parencite'.
Package biblatex Info: Redefining '\footcite'.
Package biblatex Info: Redefining '\footcitetext'.
Package biblatex Info: Redefining '\smartcite'.
Package biblatex Info: Redefining '\supercite'.
Package biblatex Info: Redefining '\textcite'.
Package biblatex Info: Redefining '\textcites'.
Package biblatex Info: Redefining '\cites'.
Package biblatex Info: Redefining '\parencites'.
Package biblatex Info: Redefining '\smartcites'.
)
Package biblatex Info: Trying to load configuration file...
Package biblatex Info: ... file 'biblatex.cfg' found.

(/usr/share/texmf-dist/tex/latex/biblatex/biblatex.cfg
File: biblatex.cfg 
))
(/usr/share/texmf-dist/tex/latex/listings/listings.sty
\lst@mode=\count287
\lst@gtempboxa=\box29
\lst@token=\toks17
\lst@length=\count288
\lst@currlwidth=\dimen134
\lst@column=\count289
\lst@pos=\count290
\lst@lostspace=\dimen135
\lst@width=\dimen136
\lst@newlines=\count291
\lst@lineno=\count292
\lst@maxwidth=\dimen137

(/usr/share/texmf-dist/tex/latex/listings/lstmisc.sty
File: lstmisc.sty 2019/02/27 1.8b (Carsten Heinz)
\c@lstnumber=\count293
\lst@skipnumbers=\count294
\lst@framebox=\box30
)
(/usr/share/texmf-dist/tex/latex/listings/listings.cfg
File: listings.cfg 2019/02/27 1.8b listings configuration
))
Package: listings 2019/02/27 1.8b (Carsten Heinz)
Package biblatex Info: Trying to load language 'english'...
Package biblatex Info: ... file 'english.lbx' found.

(/usr/share/texmf-dist/tex/latex/biblatex/lbx/english.lbx
File: english.lbx 2018/11/02 v3.12 biblatex localization (PK/MW)
)
\@quotelevel=\count295
\@quotereset=\count296
 (./req-draft.aux)
\openout1 = `req-draft.aux'.

LaTeX Font Info:    Checking defaults for OML/cmm/m/it on input line 6.
LaTeX Font Info:    ... okay on input line 6.
LaTeX Font Info:    Checking defaults for T1/cmr/m/n on input line 6.
LaTeX Font Info:    ... okay on input line 6.
LaTeX Font Info:    Checking defaults for OT1/cmr/m/n on input line 6.
LaTeX Font Info:    ... okay on input line 6.
LaTeX Font Info:    Checking defaults for OMS/cmsy/m/n on input line 6.
LaTeX Font Info:    ... okay on input line 6.
LaTeX Font Info:    Checking defaults for TU/lmr/m/n on input line 6.
LaTeX Font Info:    ... okay on input line 6.
LaTeX Font Info:    Checking defaults for OMX/cmex/m/n on input line 6.
LaTeX Font Info:    ... okay on input line 6.
LaTeX Font Info:    Checking defaults for U/cmr/m/n on input line 6.
LaTeX Font Info:    ... okay on input line 6.

-- Lines per column: 38 (approximate, difference = 8.56499pt).
*geometry* driver: auto-detecting
*geometry* detected driver: xetex
*geometry* verbose mode - [ preamble ] result:
* driver: xetex
* paper: <default>
* layout: <same size as paper>
* layoutoffset:(h,v)=(0.0pt,0.0pt)
* modes: 
* h-part:(L,W,R)=(54.2025pt, 505.89pt, 54.2025pt)
* v-part:(T,H,B)=(54.2025pt, 686.56499pt, 54.2025pt)
* \paperwidth=614.295pt
* \paperheight=794.96999pt
* \textwidth=505.89pt
* \textheight=686.56499pt
* \oddsidemargin=-18.06749pt
* \evensidemargin=-18.06749pt
* \topmargin=-57.0065pt
* \headheight=12.0pt
* \headsep=26.93901pt
* \topskip=12.0pt
* \footskip=38.24348pt
* \marginparwidth=20.0pt
* \marginparsep=10.0pt
* \columnsep=12.0pt
* \skip\footins=16.19989pt plus 7.19989pt minus 3.59995pt
* \hoffset=0.0pt
* \voffset=0.0pt
* \mag=1000
* \@twocolumnfalse
* \@twosidefalse
* \@mparswitchfalse
* \@reversemarginfalse
* (1in=72.27pt=25.4mm, 1cm=28.453pt)

Package biblatex Info: XeTeX detected.
(biblatex)             Assuming input encoding 'utf8'.
Package biblatex Info: Automatic encoding selection.
(biblatex)             Assuming data encoding 'utf8'.
\openout3 = `req-draft.bcf'.

Package biblatex Info: Trying to load bibliographic data...
Package biblatex Info: ... file 'req-draft.bbl' not found.
No file req-draft.bbl.
Package biblatex Info: Reference section=0 on input line 6.
Package biblatex Info: Reference segment=0 on input line 6.
\c@lstlisting=\count297
[1]

LaTeX Font Warning: Font shape `TU/ptm/m/sc' undefined
(Font)              using `TU/ptm/m/n' instead on input line 17.

[2] (./req-draft.aux)

LaTeX Font Warning: Some font shapes were not available, defaults substituted.

Package logreq Info: Writing requests to 'req-draft.run.xml'.
\openout1 = `req-draft.run.xml'.

 ) 
Here is how much of TeX's memory you used:
 9547 strings out of 492922
 170747 string characters out of 6138851
 617946 words of memory out of 5000000
 13556 multiletter control sequences out of 15000+600000
 3720 words of font info for 24 fonts, out of 8000000 for 9000
 1348 hyphenation exceptions out of 8191
 35i,5n,32p,819b,745s stack positions out of 5000i,500n,10000p,200000b,80000s

Output written on req-draft.pdf (2 pages).
